TN:
SF:src/config/config.ts
FNF:0
FNH:0
DA:1,0
DA:2,0
DA:4,0
DA:5,0
LF:4
LH:0
BRDA:4,0,0,0
BRDA:4,0,1,0
BRDA:5,1,0,0
BRDA:5,1,1,0
BRF:4
BRH:0
end_of_record
TN:
SF:src/config/db.ts
FN:4,(anonymous_1)
FNF:1
FNH:0
FNDA:0,(anonymous_1)
DA:1,0
DA:2,0
DA:3,0
DA:4,0
DA:5,0
DA:6,0
DA:7,0
DA:9,0
DA:10,0
DA:14,0
LF:10
LH:0
BRF:0
BRH:0
end_of_record
TN:
SF:src/logging/logger.ts
FNF:0
FNH:0
DA:2,0
DA:3,0
DA:5,0
DA:19,0
LF:4
LH:0
BRF:0
BRH:0
end_of_record
TN:
SF:src/middlewares/catchasync.ts
FN:4,(anonymous_0)
FN:4,(anonymous_1)
FN:9,(anonymous_2)
FNF:3
FNH:0
FNDA:0,(anonymous_0)
FNDA:0,(anonymous_1)
FNDA:0,(anonymous_2)
DA:4,0
DA:9,0
DA:10,0
DA:11,0
DA:15,0
LF:5
LH:0
BRF:0
BRH:0
end_of_record
TN:
SF:src/middlewares/globalError.ts
FN:5,(anonymous_1)
FNF:1
FNH:0
FNDA:0,(anonymous_1)
DA:1,0
DA:2,0
DA:4,0
DA:5,0
DA:11,0
DA:12,0
DA:13,0
DA:15,0
DA:16,0
DA:17,0
DA:18,0
DA:20,0
DA:24,0
DA:31,0
LF:14
LH:0
BRDA:15,0,0,0
BRDA:15,0,1,0
BRDA:20,1,0,0
BRDA:20,1,1,0
BRF:4
BRH:0
end_of_record
TN:
SF:src/middlewares/requestLogger.ts
FN:4,(anonymous_1)
FN:7,(anonymous_2)
FNF:2
FNH:0
FNDA:0,(anonymous_1)
FNDA:0,(anonymous_2)
DA:2,0
DA:4,0
DA:5,0
DA:7,0
DA:8,0
DA:9,0
DA:19,0
LF:7
LH:0
BRF:0
BRH:0
end_of_record
TN:
SF:src/middlewares/validation.ts
FN:9,(anonymous_1)
FN:11,(anonymous_2)
FN:29,(anonymous_3)
FNF:3
FNH:0
FNDA:0,(anonymous_1)
FNDA:0,(anonymous_2)
FNDA:0,(anonymous_3)
DA:2,0
DA:3,0
DA:6,0
DA:9,0
DA:11,0
DA:13,0
DA:21,0
DA:28,0
DA:29,0
DA:33,0
DA:45,0
DA:46,0
DA:51,0
DA:52,0
LF:14
LH:0
BRDA:10,0,0,0
BRDA:28,1,0,0
BRDA:30,2,0,0
BRDA:30,2,1,0
BRF:4
BRH:0
end_of_record
TN:
SF:src/models/auditLOg.ts
FN:30,(anonymous_1)
FN:57,assertFields
FN:66,(anonymous_3)
FNF:3
FNH:0
FNDA:0,(anonymous_1)
FNDA:0,assertFields
FNDA:0,(anonymous_3)
DA:1,0
DA:2,0
DA:21,0
DA:31,0
DA:52,0
DA:53,0
DA:54,0
DA:58,0
DA:59,0
DA:60,0
DA:63,0
DA:66,0
DA:67,0
DA:69,0
DA:71,0
DA:73,0
DA:75,0
DA:77,0
DA:79,0
DA:81,0
DA:83,0
DA:85,0
DA:89,0
LF:23
LH:0
BRDA:59,0,0,0
BRDA:67,1,0,0
BRDA:67,1,1,0
BRDA:67,1,2,0
BRDA:67,1,3,0
BRDA:67,1,4,0
BRDA:67,1,5,0
BRDA:67,1,6,0
BRDA:67,1,7,0
BRDA:67,1,8,0
BRF:10
BRH:0
end_of_record
TN:
SF:src/models/conisters.ts
FNF:0
FNH:0
DA:1,0
DA:11,0
DA:41,0
DA:43,0
LF:4
LH:0
BRF:0
BRH:0
end_of_record
TN:
SF:src/models/ingredient.ts
FNF:0
FNH:0
DA:1,0
DA:2,0
DA:10,0
DA:35,0
DA:36,0
LF:5
LH:0
BRF:0
BRH:0
end_of_record
TN:
SF:src/models/recipe.ts
FNF:0
FNH:0
DA:1,0
DA:2,0
DA:20,0
DA:38,0
DA:75,0
DA:76,0
DA:78,0
DA:80,0
LF:8
LH:0
BRF:0
BRH:0
end_of_record
TN:
SF:src/models/sales.ts
FNF:0
FNH:0
DA:1,0
DA:21,0
DA:93,0
DA:94,0
DA:95,0
DA:96,0
DA:98,0
DA:100,0
LF:8
LH:0
BRF:0
BRH:0
end_of_record
TN:
SF:src/models/skuProduct.ts
FNF:0
FNH:0
DA:1,0
DA:11,0
DA:45,0
DA:47,0
LF:4
LH:0
BRF:0
BRH:0
end_of_record
TN:
SF:src/models/slotInventory.ts
FNF:0
FNH:0
DA:1,0
DA:11,0
DA:44,0
DA:46,0
DA:48,0
LF:5
LH:0
BRF:0
BRH:0
end_of_record
TN:
SF:src/models/slots.ts
FNF:0
FNH:0
DA:1,0
DA:9,0
DA:30,0
DA:32,0
DA:34,0
LF:5
LH:0
BRF:0
BRH:0
end_of_record
TN:
SF:src/models/trays.ts
FNF:0
FNH:0
DA:1,0
DA:9,0
DA:32,0
DA:34,0
LF:4
LH:0
BRF:0
BRH:0
end_of_record
TN:
SF:src/models/vendingMModel.ts
FN:58,(anonymous_9)
FN:69,(anonymous_10)
FN:78,(anonymous_11)
FNF:3
FNH:0
FNDA:0,(anonymous_9)
FNDA:0,(anonymous_10)
FNDA:0,(anonymous_11)
DA:1,0
DA:2,0
DA:17,0
DA:58,0
DA:59,0
DA:60,0
DA:62,0
DA:63,0
DA:66,0
DA:69,0
DA:70,0
DA:75,0
DA:78,0
DA:79,0
DA:82,0
DA:84,0
DA:86,0
LF:17
LH:0
BRDA:59,0,0,0
BRDA:59,1,0,0
BRDA:59,1,1,0
BRDA:59,1,2,0
BRDA:62,2,0,0
BRDA:62,3,0,0
BRDA:62,3,1,0
BRDA:62,3,2,0
BRF:8
BRH:0
end_of_record
TN:
SF:src/services/canisterService.ts
FN:11,(anonymous_1)
FN:60,(anonymous_2)
FN:79,(anonymous_3)
FN:88,(anonymous_4)
FN:144,(anonymous_5)
FN:169,(anonymous_6)
FN:209,(anonymous_7)
FN:252,(anonymous_8)
FN:257,(anonymous_9)
FN:261,(anonymous_10)
FN:263,(anonymous_11)
FN:336,(anonymous_12)
FNF:12
FNH:0
FNDA:0,(anonymous_1)
FNDA:0,(anonymous_2)
FNDA:0,(anonymous_3)
FNDA:0,(anonymous_4)
FNDA:0,(anonymous_5)
FNDA:0,(anonymous_6)
FNDA:0,(anonymous_7)
FNDA:0,(anonymous_8)
FNDA:0,(anonymous_9)
FNDA:0,(anonymous_10)
FNDA:0,(anonymous_11)
FNDA:0,(anonymous_12)
DA:1,0
DA:2,0
DA:3,0
DA:4,0
DA:5,0
DA:6,0
DA:7,0
DA:11,0
DA:12,0
DA:14,0
DA:15,0
DA:18,0
DA:19,0
DA:20,0
DA:24,0
DA:25,0
DA:28,0
DA:29,0
DA:32,0
DA:35,0
DA:38,0
DA:41,0
DA:56,0
DA:60,0
DA:61,0
DA:63,0
DA:64,0
DA:67,0
DA:70,0
DA:74,0
DA:79,0
DA:80,0
DA:81,0
DA:82,0
DA:84,0
DA:88,0
DA:89,0
DA:91,0
DA:92,0
DA:93,0
DA:97,0
DA:98,0
DA:101,0
DA:102,0
DA:104,0
DA:105,0
DA:108,0
DA:109,0
DA:110,0
DA:111,0
DA:113,0
DA:119,0
DA:120,0
DA:124,0
DA:140,0
DA:144,0
DA:145,0
DA:146,0
DA:147,0
DA:151,0
DA:165,0
DA:169,0
DA:170,0
DA:171,0
DA:172,0
DA:175,0
DA:176,0
DA:177,0
DA:181,0
DA:182,0
DA:185,0
DA:192,0
DA:205,0
DA:209,0
DA:210,0
DA:211,0
DA:214,0
DA:215,0
DA:216,0
DA:219,0
DA:220,0
DA:221,0
DA:224,0
DA:231,0
DA:248,0
DA:252,0
DA:253,0
DA:255,0
DA:257,0
DA:258,0
DA:259,0
DA:261,0
DA:262,0
DA:263,0
DA:264,0
DA:266,0
DA:267,0
DA:271,0
DA:273,0
DA:274,0
DA:276,0
DA:277,0
DA:278,0
DA:281,0
DA:282,0
DA:286,0
DA:292,0
DA:293,0
DA:296,0
DA:306,0
DA:324,0
DA:327,0
DA:329,0
DA:331,0
DA:336,0
DA:337,0
DA:343,0
LF:117
LH:0
BRDA:12,0,0,0
BRDA:14,1,0,0
BRDA:14,2,0,0
BRDA:14,2,1,0
BRDA:14,2,2,0
BRDA:19,3,0,0
BRDA:24,4,0,0
BRDA:28,5,0,0
BRDA:28,6,0,0
BRDA:28,6,1,0
BRDA:63,7,0,0
BRDA:63,8,0,0
BRDA:63,8,1,0
BRDA:81,9,0,0
BRDA:92,10,0,0
BRDA:97,11,0,0
BRDA:97,12,0,0
BRDA:97,12,1,0
BRDA:101,13,0,0
BRDA:101,13,1,0
BRDA:102,14,0,0
BRDA:102,14,1,0
BRDA:104,15,0,0
BRDA:104,16,0,0
BRDA:104,16,1,0
BRDA:109,17,0,0
BRDA:110,18,0,0
BRDA:111,19,0,0
BRDA:119,20,0,0
BRDA:146,21,0,0
BRDA:171,22,0,0
BRDA:176,23,0,0
BRDA:181,24,0,0
BRDA:210,25,0,0
BRDA:215,26,0,0
BRDA:220,27,0,0
BRDA:262,28,0,0
BRDA:262,28,1,0
BRDA:262,29,0,0
BRDA:262,29,1,0
BRDA:266,30,0,0
BRDA:277,31,0,0
BRDA:281,32,0,0
BRDA:292,33,0,0
BRDA:329,34,0,0
BRDA:329,34,1,0
BRF:46
BRH:0
end_of_record
TN:
SF:src/services/forecastService.ts
FN:10,(anonymous_1)
FN:39,(anonymous_2)
FN:41,(anonymous_3)
FN:50,(anonymous_4)
FN:53,(anonymous_5)
FN:128,(anonymous_6)
FN:151,(anonymous_7)
FN:228,(anonymous_8)
FN:293,(anonymous_9)
FNF:9
FNH:9
FNDA:2,(anonymous_1)
FNDA:2,(anonymous_2)
FNDA:1,(anonymous_3)
FNDA:2,(anonymous_4)
FNDA:2,(anonymous_5)
FNDA:2,(anonymous_6)
FNDA:1,(anonymous_7)
FNDA:1,(anonymous_8)
FNDA:1,(anonymous_9)
DA:1,2
DA:2,2
DA:3,2
DA:4,2
DA:5,2
DA:10,2
DA:11,2
DA:12,2
DA:13,0
DA:16,2
DA:17,0
DA:21,2
DA:22,2
DA:23,0
DA:26,2
DA:27,0
DA:31,2
DA:33,2
DA:34,1
DA:38,1
DA:39,1
DA:40,2
DA:41,1
DA:42,1
DA:44,1
DA:45,1
DA:50,2
DA:51,1
DA:52,1
DA:53,1
DA:54,2
DA:58,1
DA:59,1
DA:60,1
DA:61,1
DA:63,1
DA:64,2
DA:65,2
DA:67,2
DA:69,0
DA:70,0
DA:71,0
DA:83,0
DA:84,0
DA:88,2
DA:90,2
DA:104,2
DA:105,2
DA:106,2
DA:110,2
DA:111,0
DA:115,1
DA:128,2
DA:133,1
DA:147,1
DA:151,2
DA:153,1
DA:154,1
DA:155,0
DA:158,1
DA:159,0
DA:163,1
DA:165,1
DA:166,0
DA:179,1
DA:180,1
DA:181,1
DA:183,1
DA:184,2
DA:185,2
DA:186,2
DA:188,2
DA:189,1
DA:191,1
DA:195,0
DA:211,0
DA:215,1
DA:228,2
DA:230,1
DA:231,1
DA:232,0
DA:236,1
DA:238,1
DA:239,0
DA:251,1
DA:252,1
DA:253,1
DA:255,1
DA:256,3
DA:258,3
DA:259,2
DA:269,2
DA:271,2
DA:272,1
DA:274,1
DA:279,1
DA:293,2
DA:295,1
DA:299,1
DA:300,1
DA:301,1
DA:303,1
DA:304,2
DA:305,2
DA:306,2
DA:307,2
DA:308,2
DA:310,0
DA:324,1
LF:109
LH:91
BRDA:12,0,0,0
BRDA:16,1,0,0
BRDA:16,2,0,2
BRDA:16,2,1,0
BRDA:22,3,0,0
BRDA:26,4,0,0
BRDA:33,5,0,1
BRDA:33,6,0,2
BRDA:33,6,1,2
BRDA:40,7,0,1
BRDA:40,7,1,1
BRDA:40,8,0,2
BRDA:40,8,1,2
BRDA:44,9,0,1
BRDA:67,10,0,0
BRDA:73,11,0,0
BRDA:73,11,1,0
BRDA:92,12,0,2
BRDA:92,12,1,0
BRDA:100,13,0,2
BRDA:100,13,1,0
BRDA:104,14,0,2
BRDA:110,15,0,0
BRDA:121,16,0,0
BRDA:121,16,1,1
BRDA:154,17,0,0
BRDA:158,18,0,0
BRDA:158,19,0,1
BRDA:158,19,1,0
BRDA:165,20,0,0
BRDA:165,21,0,1
BRDA:165,21,1,1
BRDA:188,22,0,1
BRDA:188,22,1,1
BRDA:228,23,0,0
BRDA:231,24,0,0
BRDA:238,25,0,0
BRDA:238,26,0,1
BRDA:238,26,1,1
BRDA:258,27,0,2
BRDA:265,28,0,1
BRDA:265,28,1,1
BRDA:271,29,0,1
BRDA:271,29,1,1
BRF:44
BRH:25
end_of_record
TN:
SF:src/services/ingredientService.ts
FN:7,(anonymous_1)
FN:49,(anonymous_2)
FN:68,(anonymous_3)
FN:77,(anonymous_4)
FN:144,(anonymous_5)
FN:169,(anonymous_6)
FNF:6
FNH:0
FNDA:0,(anonymous_1)
FNDA:0,(anonymous_2)
FNDA:0,(anonymous_3)
FNDA:0,(anonymous_4)
FNDA:0,(anonymous_5)
FNDA:0,(anonymous_6)
DA:1,0
DA:2,0
DA:3,0
DA:4,0
DA:7,0
DA:8,0
DA:10,0
DA:11,0
DA:15,0
DA:16,0
DA:19,0
DA:26,0
DA:27,0
DA:30,0
DA:33,0
DA:45,0
DA:49,0
DA:50,0
DA:51,0
DA:52,0
DA:57,0
DA:60,0
DA:64,0
DA:68,0
DA:69,0
DA:70,0
DA:71,0
DA:73,0
DA:77,0
DA:78,0
DA:80,0
DA:81,0
DA:82,0
DA:86,0
DA:87,0
DA:91,0
DA:92,0
DA:96,0
DA:98,0
DA:102,0
DA:103,0
DA:108,0
DA:109,0
DA:112,0
DA:113,0
DA:114,0
DA:115,0
DA:116,0
DA:121,0
DA:122,0
DA:126,0
DA:140,0
DA:144,0
DA:145,0
DA:146,0
DA:147,0
DA:151,0
DA:162,0
DA:169,0
DA:170,0
LF:60
LH:0
BRDA:10,0,0,0
BRDA:10,1,0,0
BRDA:10,1,1,0
BRDA:10,1,2,0
BRDA:15,2,0,0
BRDA:26,3,0,0
BRDA:51,4,0,0
BRDA:51,5,0,0
BRDA:51,5,1,0
BRDA:70,6,0,0
BRDA:81,7,0,0
BRDA:86,8,0,0
BRDA:86,9,0,0
BRDA:86,9,1,0
BRDA:91,10,0,0
BRDA:96,11,0,0
BRDA:96,12,0,0
BRDA:96,12,1,0
BRDA:102,13,0,0
BRDA:108,14,0,0
BRDA:108,15,0,0
BRDA:108,15,1,0
BRDA:113,16,0,0
BRDA:114,17,0,0
BRDA:115,18,0,0
BRDA:121,19,0,0
BRDA:146,20,0,0
BRF:27
BRH:0
end_of_record
TN:
SF:src/services/salesService.ts
FN:13,(anonymous_10)
FN:20,(anonymous_11)
FN:61,(anonymous_12)
FN:71,(anonymous_13)
FN:81,(anonymous_14)
FN:190,(anonymous_15)
FN:200,(anonymous_16)
FN:217,(anonymous_17)
FN:219,(anonymous_18)
FN:298,(anonymous_19)
FN:325,(anonymous_20)
FN:344,(anonymous_21)
FN:387,(anonymous_22)
FN:399,(anonymous_23)
FNF:14
FNH:9
FNDA:4,(anonymous_10)
FNDA:1,(anonymous_11)
FNDA:1,(anonymous_12)
FNDA:1,(anonymous_13)
FNDA:1,(anonymous_14)
FNDA:1,(anonymous_15)
FNDA:1,(anonymous_16)
FNDA:1,(anonymous_17)
FNDA:1,(anonymous_18)
FNDA:0,(anonymous_19)
FNDA:0,(anonymous_20)
FNDA:0,(anonymous_21)
FNDA:0,(anonymous_22)
FNDA:0,(anonymous_23)
DA:1,1
DA:2,1
DA:3,1
DA:4,1
DA:5,1
DA:6,1
DA:7,1
DA:8,1
DA:9,1
DA:10,1
DA:13,1
DA:14,4
DA:15,4
DA:16,4
DA:20,1
DA:21,1
DA:23,1
DA:24,1
DA:27,1
DA:28,1
DA:29,0
DA:33,1
DA:37,1
DA:38,0
DA:41,1
DA:42,0
DA:45,1
DA:46,0
DA:49,1
DA:61,1
DA:63,1
DA:71,1
DA:73,1
DA:74,1
DA:75,0
DA:78,1
DA:79,1
DA:81,1
DA:82,1
DA:83,1
DA:84,1
DA:87,1
DA:88,1
DA:91,1
DA:92,1
DA:93,0
DA:97,1
DA:101,1
DA:102,0
DA:105,1
DA:106,0
DA:111,1
DA:112,1
DA:115,1
DA:116,1
DA:117,0
DA:121,1
DA:125,1
DA:126,0
DA:130,1
DA:136,1
DA:137,0
DA:141,1
DA:143,1
DA:144,1
DA:146,1
DA:154,1
DA:167,1
DA:178,1
DA:181,1
DA:183,0
DA:185,1
DA:190,1
DA:192,1
DA:193,1
DA:194,0
DA:197,1
DA:198,1
DA:200,1
DA:201,1
DA:204,1
DA:205,1
DA:206,0
DA:209,1
DA:210,0
DA:214,1
DA:215,1
DA:217,1
DA:218,1
DA:219,1
DA:220,1
DA:222,0
DA:223,0
DA:228,1
DA:229,1
DA:231,1
DA:232,0
DA:235,1
DA:236,0
DA:240,1
DA:246,1
DA:247,0
DA:251,1
DA:265,1
DA:272,1
DA:283,1
DA:286,1
DA:288,0
DA:290,1
DA:295,1
DA:298,1
DA:299,0
DA:301,0
DA:306,0
DA:307,0
DA:308,0
DA:310,0
DA:315,0
DA:325,1
DA:326,0
DA:328,0
DA:330,0
DA:331,0
DA:332,0
DA:333,0
DA:336,0
DA:340,0
DA:344,1
DA:345,0
DA:347,0
DA:348,0
DA:349,0
DA:350,0
DA:351,0
DA:352,0
DA:355,0
DA:377,0
DA:387,1
DA:388,0
DA:389,0
DA:390,0
DA:393,0
DA:394,0
DA:397,0
DA:398,0
DA:399,0
DA:401,0
DA:402,0
DA:403,0
DA:404,0
DA:419,0
DA:426,0
DA:428,0
DA:430,0
LF:154
LH:93
BRDA:28,0,0,0
BRDA:37,1,0,0
BRDA:41,2,0,0
BRDA:45,3,0,0
BRDA:71,4,0,1
BRDA:74,5,0,0
BRDA:92,6,0,0
BRDA:101,7,0,0
BRDA:105,8,0,0
BRDA:116,9,0,0
BRDA:125,10,0,0
BRDA:136,11,0,0
BRDA:183,12,0,0
BRDA:183,12,1,0
BRDA:190,13,0,1
BRDA:193,14,0,0
BRDA:205,15,0,0
BRDA:209,16,0,0
BRDA:218,17,0,1
BRDA:218,17,1,0
BRDA:218,18,0,1
BRDA:218,18,1,1
BRDA:222,19,0,0
BRDA:231,20,0,0
BRDA:235,21,0,0
BRDA:246,22,0,0
BRDA:288,23,0,0
BRDA:288,23,1,0
BRDA:299,24,0,0
BRDA:299,25,0,0
BRDA:299,26,0,0
BRDA:299,27,0,0
BRDA:301,28,0,0
BRDA:301,28,1,0
BRDA:308,29,0,0
BRDA:308,29,1,0
BRDA:326,30,0,0
BRDA:330,31,0,0
BRDA:330,32,0,0
BRDA:330,32,1,0
BRDA:332,33,0,0
BRDA:333,34,0,0
BRDA:348,35,0,0
BRDA:349,36,0,0
BRDA:349,37,0,0
BRDA:349,37,1,0
BRDA:351,38,0,0
BRDA:352,39,0,0
BRDA:377,40,0,0
BRDA:377,40,1,0
BRDA:389,41,0,0
BRDA:393,42,0,0
BRDA:401,43,0,0
BRDA:403,44,0,0
BRDA:428,45,0,0
BRDA:428,45,1,0
BRF:56
BRH:5
end_of_record
TN:
SF:src/services/skuProductService.ts
FN:8,(anonymous_1)
FN:42,(anonymous_2)
FN:48,(anonymous_3)
FN:57,(anonymous_4)
FN:118,(anonymous_5)
FN:138,(anonymous_6)
FNF:6
FNH:0
FNDA:0,(anonymous_1)
FNDA:0,(anonymous_2)
FNDA:0,(anonymous_3)
FNDA:0,(anonymous_4)
FNDA:0,(anonymous_5)
FNDA:0,(anonymous_6)
DA:1,0
DA:2,0
DA:3,0
DA:4,0
DA:5,0
DA:8,0
DA:9,0
DA:11,0
DA:12,0
DA:15,0
DA:19,0
DA:20,0
DA:23,0
DA:25,0
DA:28,0
DA:38,0
DA:42,0
DA:43,0
DA:48,0
DA:49,0
DA:50,0
DA:51,0
DA:53,0
DA:57,0
DA:58,0
DA:60,0
DA:61,0
DA:62,0
DA:66,0
DA:67,0
DA:71,0
DA:72,0
DA:76,0
DA:77,0
DA:81,0
DA:82,0
DA:86,0
DA:87,0
DA:88,0
DA:89,0
DA:90,0
DA:92,0
DA:98,0
DA:99,0
DA:103,0
DA:114,0
DA:118,0
DA:119,0
DA:120,0
DA:121,0
DA:125,0
DA:134,0
DA:138,0
DA:139,0
LF:54
LH:0
BRDA:9,0,0,0
BRDA:11,1,0,0
BRDA:11,2,0,0
BRDA:11,2,1,0
BRDA:11,2,2,0
BRDA:11,2,3,0
BRDA:19,3,0,0
BRDA:50,4,0,0
BRDA:61,5,0,0
BRDA:66,6,0,0
BRDA:66,7,0,0
BRDA:66,7,1,0
BRDA:71,8,0,0
BRDA:76,9,0,0
BRDA:76,10,0,0
BRDA:76,10,1,0
BRDA:81,11,0,0
BRDA:87,12,0,0
BRDA:88,13,0,0
BRDA:89,14,0,0
BRDA:90,15,0,0
BRDA:98,16,0,0
BRDA:120,17,0,0
BRF:23
BRH:0
end_of_record
TN:
SF:src/services/slotInventoryService.ts
FN:10,(anonymous_1)
FN:60,(anonymous_2)
FN:80,(anonymous_3)
FN:118,(anonymous_4)
FN:130,(anonymous_5)
FN:144,(anonymous_6)
FNF:6
FNH:0
FNDA:0,(anonymous_1)
FNDA:0,(anonymous_2)
FNDA:0,(anonymous_3)
FNDA:0,(anonymous_4)
FNDA:0,(anonymous_5)
FNDA:0,(anonymous_6)
DA:1,0
DA:2,0
DA:3,0
DA:4,0
DA:5,0
DA:6,0
DA:7,0
DA:10,0
DA:11,0
DA:13,0
DA:14,0
DA:17,0
DA:18,0
DA:22,0
DA:29,0
DA:30,0
DA:31,0
DA:32,0
DA:34,0
DA:46,0
DA:56,0
DA:60,0
DA:61,0
DA:63,0
DA:64,0
DA:65,0
DA:66,0
DA:67,0
DA:69,0
DA:76,0
DA:80,0
DA:81,0
DA:83,0
DA:84,0
DA:87,0
DA:88,0
DA:89,0
DA:93,0
DA:99,0
DA:100,0
DA:103,0
DA:114,0
DA:118,0
DA:119,0
DA:126,0
DA:130,0
DA:131,0
DA:140,0
DA:144,0
DA:145,0
DA:146,0
DA:149,0
DA:160,0
DA:161,0
DA:165,0
DA:175,0
LF:56
LH:0
BRDA:13,0,0,0
BRDA:13,1,0,0
BRDA:13,1,1,0
BRDA:13,1,2,0
BRDA:13,1,3,0
BRDA:17,2,0,0
BRDA:17,3,0,0
BRDA:17,3,1,0
BRDA:17,3,2,0
BRDA:29,4,0,0
BRDA:30,5,0,0
BRDA:30,6,0,0
BRDA:30,6,1,0
BRDA:31,7,0,0
BRDA:31,8,0,0
BRDA:31,8,1,0
BRDA:32,9,0,0
BRDA:36,10,0,0
BRDA:36,10,1,0
BRDA:52,11,0,0
BRDA:52,11,1,0
BRDA:64,12,0,0
BRDA:65,13,0,0
BRDA:66,14,0,0
BRDA:67,15,0,0
BRDA:81,16,0,0
BRDA:83,17,0,0
BRDA:83,18,0,0
BRDA:83,18,1,0
BRDA:83,18,2,0
BRDA:83,18,3,0
BRDA:88,19,0,0
BRDA:88,20,0,0
BRDA:88,20,1,0
BRDA:99,21,0,0
BRDA:130,22,0,0
BRDA:145,23,0,0
BRDA:160,24,0,0
BRF:38
BRH:0
end_of_record
TN:
SF:src/services/slotService.ts
FN:8,(anonymous_1)
FN:45,(anonymous_2)
FN:64,(anonymous_3)
FN:73,(anonymous_4)
FN:102,(anonymous_5)
FN:111,(anonymous_6)
FNF:6
FNH:0
FNDA:0,(anonymous_1)
FNDA:0,(anonymous_2)
FNDA:0,(anonymous_3)
FNDA:0,(anonymous_4)
FNDA:0,(anonymous_5)
FNDA:0,(anonymous_6)
DA:1,0
DA:2,0
DA:3,0
DA:4,0
DA:5,0
DA:8,0
DA:9,0
DA:11,0
DA:12,0
DA:15,0
DA:16,0
DA:17,0
DA:20,0
DA:22,0
DA:24,0
DA:27,0
DA:41,0
DA:45,0
DA:46,0
DA:47,0
DA:48,0
DA:53,0
DA:56,0
DA:60,0
DA:64,0
DA:65,0
DA:66,0
DA:67,0
DA:69,0
DA:73,0
DA:74,0
DA:76,0
DA:77,0
DA:78,0
DA:79,0
DA:83,0
DA:84,0
DA:85,0
DA:86,0
DA:88,0
DA:94,0
DA:95,0
DA:98,0
DA:102,0
DA:103,0
DA:104,0
DA:105,0
DA:107,0
DA:111,0
DA:112,0
LF:50
LH:0
BRDA:9,0,0,0
BRDA:11,1,0,0
BRDA:11,2,0,0
BRDA:11,2,1,0
BRDA:16,3,0,0
BRDA:31,4,0,0
BRDA:31,4,1,0
BRDA:32,5,0,0
BRDA:32,5,1,0
BRDA:47,6,0,0
BRDA:47,7,0,0
BRDA:47,7,1,0
BRDA:66,8,0,0
BRDA:76,9,0,0
BRDA:76,10,0,0
BRDA:76,10,1,0
BRDA:78,11,0,0
BRDA:84,12,0,0
BRDA:85,13,0,0
BRDA:86,14,0,0
BRDA:94,15,0,0
BRDA:104,16,0,0
BRF:22
BRH:0
end_of_record
TN:
SF:src/services/trayService.ts
FN:8,(anonymous_1)
FN:54,(anonymous_2)
FN:75,(anonymous_3)
FN:85,(anonymous_4)
FN:123,(anonymous_5)
FN:138,(anonymous_6)
FNF:6
FNH:0
FNDA:0,(anonymous_1)
FNDA:0,(anonymous_2)
FNDA:0,(anonymous_3)
FNDA:0,(anonymous_4)
FNDA:0,(anonymous_5)
FNDA:0,(anonymous_6)
DA:1,0
DA:2,0
DA:3,0
DA:4,0
DA:5,0
DA:8,0
DA:9,0
DA:11,0
DA:12,0
DA:15,0
DA:16,0
DA:17,0
DA:20,0
DA:21,0
DA:24,0
DA:25,0
DA:26,0
DA:29,0
DA:31,0
DA:34,0
DA:37,0
DA:50,0
DA:54,0
DA:55,0
DA:57,0
DA:58,0
DA:64,0
DA:67,0
DA:71,0
DA:75,0
DA:76,0
DA:77,0
DA:78,0
DA:80,0
DA:81,0
DA:85,0
DA:86,0
DA:88,0
DA:89,0
DA:90,0
DA:93,0
DA:95,0
DA:101,0
DA:102,0
DA:105,0
DA:107,0
DA:108,0
DA:113,0
DA:118,0
DA:119,0
DA:123,0
DA:124,0
DA:125,0
DA:126,0
DA:129,0
DA:133,0
DA:134,0
DA:138,0
DA:139,0
LF:59
LH:0
BRDA:11,0,0,0
BRDA:11,1,0,0
BRDA:11,1,1,0
BRDA:16,2,0,0
BRDA:20,3,0,0
BRDA:25,4,0,0
BRDA:41,5,0,0
BRDA:41,5,1,0
BRDA:42,6,0,0
BRDA:42,6,1,0
BRDA:57,7,0,0
BRDA:57,8,0,0
BRDA:57,8,1,0
BRDA:77,9,0,0
BRDA:89,10,0,0
BRDA:101,11,0,0
BRDA:105,12,0,0
BRDA:105,13,0,0
BRDA:105,13,1,0
BRDA:107,14,0,0
BRDA:125,15,0,0
BRF:21
BRH:0
end_of_record
TN:
SF:src/services/vendingMachine/machineService.ts
FN:7,createMachine
FN:52,getAllMachines
FN:77,getMachineById
FN:87,updateMachine
FN:91,deleteMachine
FNF:5
FNH:0
FNDA:0,createMachine
FNDA:0,getAllMachines
FNDA:0,getMachineById
FNDA:0,updateMachine
FNDA:0,deleteMachine
DA:1,0
DA:2,0
DA:3,0
DA:4,0
DA:5,0
DA:7,0
DA:8,0
DA:11,0
DA:12,0
DA:13,0
DA:15,0
DA:16,0
DA:17,0
DA:19,0
DA:23,0
DA:25,0
DA:26,0
DA:27,0
DA:28,0
DA:29,0
DA:30,0
DA:31,0
DA:34,0
DA:37,0
DA:49,0
DA:52,0
DA:53,0
DA:55,0
DA:56,0
DA:66,0
DA:71,0
DA:77,0
DA:78,0
DA:84,0
DA:87,0
DA:88,0
DA:91,0
DA:92,0
LF:38
LH:0
BRDA:11,0,0,0
BRDA:11,0,1,0
BRDA:12,1,0,0
BRDA:12,2,0,0
BRDA:12,2,1,0
BRDA:15,3,0,0
BRDA:15,3,1,0
BRDA:16,4,0,0
BRDA:16,5,0,0
BRDA:16,5,1,0
BRDA:19,6,0,0
BRDA:23,7,0,0
BRDA:23,7,1,0
BRDA:25,8,0,0
BRDA:25,8,1,0
BRDA:26,9,0,0
BRDA:26,9,1,0
BRDA:27,10,0,0
BRDA:27,10,1,0
BRDA:28,11,0,0
BRDA:28,11,1,0
BRDA:29,12,0,0
BRDA:30,13,0,0
BRDA:30,13,1,0
BRDA:31,14,0,0
BRDA:31,14,1,0
BRDA:55,15,0,0
BRDA:84,16,0,0
BRDA:84,16,1,0
BRF:29
BRH:0
end_of_record
TN:
SF:src/types/types.ts
FN:3,(anonymous_0)
FN:9,(anonymous_1)
FN:15,(anonymous_2)
FN:22,(anonymous_3)
FNF:4
FNH:4
FNDA:1,(anonymous_0)
FNDA:1,(anonymous_1)
FNDA:1,(anonymous_2)
FNDA:1,(anonymous_3)
DA:3,1
DA:4,1
DA:5,1
DA:6,1
DA:9,1
DA:10,1
DA:11,1
DA:12,1
DA:15,1
DA:16,1
DA:17,1
DA:18,1
DA:19,1
DA:22,1
DA:23,1
DA:24,1
DA:25,1
DA:26,1
DA:27,1
DA:28,1
DA:29,1
DA:30,1
DA:31,1
DA:32,1
DA:33,1
DA:34,1
DA:35,1
DA:36,1
DA:37,1
DA:38,1
DA:39,1
DA:40,1
DA:41,1
DA:42,1
DA:43,1
DA:44,1
DA:45,1
DA:46,1
DA:47,1
DA:48,1
DA:49,1
DA:50,1
DA:51,1
LF:43
LH:43
BRDA:3,0,0,1
BRDA:3,0,1,1
BRDA:9,1,0,1
BRDA:9,1,1,1
BRDA:15,2,0,1
BRDA:15,2,1,1
BRDA:22,3,0,1
BRDA:22,3,1,1
BRF:8
BRH:8
end_of_record
TN:
SF:src/utils/apiFeatures.ts
FN:12,paginateAndSearch
FNF:1
FNH:0
FNDA:0,paginateAndSearch
DA:12,0
DA:18,0
DA:19,0
DA:21,0
DA:22,0
DA:26,0
DA:31,0
DA:34,0
DA:37,0
DA:42,0
DA:43,0
DA:44,0
DA:45,0
DA:46,0
DA:48,0
DA:52,0
DA:54,0
LF:17
LH:0
BRDA:18,0,0,0
BRDA:18,0,1,0
BRDA:18,0,2,0
BRDA:19,1,0,0
BRDA:19,2,0,0
BRDA:19,3,0,0
BRDA:21,4,0,0
BRDA:21,4,1,0
BRDA:22,5,0,0
BRDA:22,5,1,0
BRDA:26,6,0,0
BRDA:26,6,1,0
BRDA:26,7,0,0
BRDA:26,7,1,0
BRDA:42,8,0,0
BRDA:43,9,0,0
BRDA:43,9,1,0
BRDA:45,10,0,0
BRDA:45,10,1,0
BRF:19
BRH:0
end_of_record
TN:
SF:src/utils/apiResponse.ts
FN:16,(anonymous_0)
FN:32,(anonymous_1)
FNF:2
FNH:0
FNDA:0,(anonymous_0)
FNDA:0,(anonymous_1)
DA:16,0
DA:22,0
DA:29,0
DA:32,0
DA:40,0
DA:52,0
LF:6
LH:0
BRDA:20,0,0,0
BRDA:35,1,0,0
BRDA:37,2,0,0
BRF:3
BRH:0
end_of_record
TN:
SF:src/utils/appError.ts
FN:6,(anonymous_0)
FNF:1
FNH:0
FNDA:0,(anonymous_0)
DA:7,0
DA:8,0
DA:9,0
DA:10,0
DA:11,0
DA:15,0
LF:6
LH:0
BRDA:9,0,0,0
BRDA:9,0,1,0
BRF:2
BRH:0
end_of_record
TN:
SF:src/utils/vendingMachineResponse.ts
FN:16,formatVendingMachine
FNF:1
FNH:0
FNDA:0,formatVendingMachine
DA:16,0
DA:17,0
DA:26,0
DA:27,0
DA:35,0
DA:36,0
DA:45,0
LF:7
LH:0
BRDA:26,0,0,0
BRDA:35,1,0,0
BRF:2
BRH:0
end_of_record
TN:
SF:src/validate/conisterValidate.ts
FNF:0
FNH:0
DA:1,0
DA:2,0
DA:3,0
DA:5,0
DA:32,0
DA:44,0
DA:70,0
LF:7
LH:0
BRF:0
BRH:0
end_of_record
TN:
SF:src/validate/ingredientValidate.ts
FNF:0
FNH:0
DA:1,0
DA:2,0
DA:5,0
LF:3
LH:0
BRF:0
BRH:0
end_of_record
TN:
SF:src/validate/recipesValidate.ts
FNF:0
FNH:0
DA:1,0
DA:2,0
DA:4,0
DA:17,0
LF:4
LH:0
BRF:0
BRH:0
end_of_record
TN:
SF:src/validate/skuProductValidate.ts
FN:20,(anonymous_1)
FNF:1
FNH:0
FNDA:0,(anonymous_1)
DA:1,0
DA:3,0
DA:20,0
DA:21,0
LF:4
LH:0
BRF:0
BRH:0
end_of_record
TN:
SF:src/validate/slotsValidate.ts
FNF:0
FNH:0
DA:1,0
DA:2,0
DA:5,0
LF:3
LH:0
BRF:0
BRH:0
end_of_record
TN:
SF:src/validate/traysValidate.ts
FNF:0
FNH:0
DA:1,0
DA:2,0
DA:5,0
DA:19,0
LF:4
LH:0
BRF:0
BRH:0
end_of_record
TN:
SF:src/validate/vendingValidation.ts
FNF:0
FNH:0
DA:1,0
DA:2,0
DA:3,0
DA:5,0
DA:32,0
DA:37,0
DA:48,0
LF:7
LH:0
BRF:0
BRH:0
end_of_record
